<?xml version="1.0" encoding="UTF-8"?>
<!-- Generated by org.testng.reporters.JUnitXMLReporter -->
<testsuite hostname="ATMECSINLT-085" ignored="0" name="Default test" tests="2" failures="0" timestamp="15 Oct 2019 09:31:36 GMT" time="30.122" errors="0">
  <testcase name="validateKonakart" time="11.076" classname="com.atmecs.konakart_css.testscripts.KonakartHome"/>
  <testcase name="validateKonakart" time="9.565" classname="com.atmecs.konakart_css.testscripts.KonakartHome"/>
</testsuite> <!-- Default test -->
